<?xml version="1.0" encoding="UTF-8"?>
<testsuite xmlns:xsi="http://www.w3.org/2001/XMLSchema-instance" xsi:noNamespaceSchemaLocation="https://maven.apache.org/surefire/maven-failsafe-plugin/xsd/failsafe-test-report-3.0.xsd" version="3.0" name="starter.CucumberTestSuite" time="58.277" tests="4" errors="0" skipped="0" failures="0">
  <properties>
[...]
</properties>
  <testcase name="User want to back to Products Page" classname="continue" time="27.092">
    <system-out><![CDATA[20:23:58.819 [main] INFO  i.c.core.plugin.SerenityReporter - Running feature from file:///home/shabir/Documents/Intellije/serenity-cucumber-starter/src/test/resources/features/continue.feature
20:23:59.404 [main] INFO   - 

-------------------------------------------------------------------------------------
     _______. _______ .______       _______ .__   __.  __  .___________.____    ____ 
    /       ||   ____||   _  \     |   ____||  \ |  | |  | |           |\   \  /   / 
   |   (----`|  |__   |  |_)  |    |  |__   |   \|  | |  | `---|  |----` \   \/   /  
    \   \    |   __|  |      /     |   __|  |  . `  | |  |     |  |       \_    _/   
.----)   |   |  |____ |  |\  \----.|  |____ |  |\   | |  |     |  |         |  |     
|_______/    |_______|| _| `._____||_______||__| \__| |__|     |__|         |__|    
                                                                                     
 News and tutorials at http://www.serenity-bdd.info                                  
 Documentation at https://wakaleo.gitbooks.io/the-serenity-book/content/             
 Join the Serenity Community on Gitter: https://gitter.im/serenity-bdd/serenity-core 
 Serenity BDD Support and Training at http://serenity-bdd.info/#/trainingandsupport  
-------------------------------------------------------------------------------------

20:23:59.425 [main] INFO   - Test Suite Started: Continue
20:23:59.475 [main] INFO  i.c.core.plugin.SerenityReporter - Running feature from file:///home/shabir/Documents/Intellije/serenity-cucumber-starter/src/test/resources/features/login.feature
20:23:59.489 [main] INFO   - Test Suite Started: Login
20:23:59.489 [main] INFO  i.c.core.plugin.SerenityReporter - Running feature from file:///home/shabir/Documents/Intellije/serenity-cucumber-starter/src/test/resources/features/remove.feature
20:23:59.503 [main] INFO   - Test Suite Started: Remove
20:23:59.504 [main] INFO  i.c.core.plugin.SerenityReporter - Running feature from file:///home/shabir/Documents/Intellije/serenity-cucumber-starter/src/test/resources/features/search.feature
20:23:59.519 [main] INFO   - Test Suite Started: Search
20:23:59.521 [main] INFO  i.c.core.plugin.SerenityReporter - Running feature from file:///home/shabir/Documents/Intellije/serenity-cucumber-starter/src/test/resources/features/continue.feature
20:23:59.533 [main] INFO   - Test Suite Started: Continue

Scenario: User want to back to Products Page       &amp#27;[90m# src/test/resources/features/continue.feature:2&amp#27;[0m
20:24:00.011 [main] INFO  i.c.core.plugin.SerenityReporter - Running feature from file:///home/shabir/Documents/Intellije/serenity-cucumber-starter/src/test/resources/features/continue.feature
20:24:00.528 [main] INFO   - 
  _____   ___   ___   _____     ___   _____     _     ___   _____   ___   ___  
 |_   _| | __| / __| |_   _|   / __| |_   _|   /_\   | _ \ |_   _| | __| |   \ 
   | |   | _|  \__ \   | |     \__ \   | |    / _ \  |   /   | |   | _|  | |) |
   |_|   |___| |___/   |_|     |___/   |_|   /_/ \_\ |_|_\   |_|   |___| |___/ 

User want to back to Products Page(continue;user-want-to-back-to-products-page)
--------------------------------------------------------------------------------
20:24:01.697 [main] INFO  n.s.c.w.d.DriverProvider - Using WebDriverManager configuration for chrome
20:24:04.585 [main] INFO  i.g.bonigarcia.wdm.WebDriverManager - Using chromedriver 105.0.5195.52 (resolved driver for Chrome 105)
20:24:04.639 [main] INFO  i.g.bonigarcia.wdm.WebDriverManager - Exporting webdriver.chrome.driver as /home/shabir/.cache/selenium/chromedriver/linux64/105.0.5195.52/chromedriver
20:24:04.861 [main] INFO  n.s.c.w.d.ChromeDriverProvider - Starting Chrome driver instance with capabilities:
20:24:04.869 [main] INFO  n.s.c.w.d.ChromeDriverProvider - Capabilities {acceptInsecureCerts: false, browserName: chrome, goog:chromeOptions: {args: [--start-maximized, --test-type, --no-sandbox, --ignore-certificate-errors, \n                   --disa..., --disable-default-apps, --disable-extensions-file-a..., \n                   --inco..., --disable-infobars,--disabl...], extensions: []}}
  &amp#27;[32mGiven &amp#27;[0m&amp#27;[32mUser already login&amp#27;[0m                         &amp#27;[90m# starter.StepDefinitions.LoginStepDefinition.UserAlreadyLogin()&amp#27;[0m
  &amp#27;[32mAnd &amp#27;[0m&amp#27;[32mUser already add a different product to cart&amp#27;[0m &amp#27;[90m# starter.StepDefinitions.ContinueStepDefinition.userAlreadyAddADifferentProductToCart()&amp#27;[0m
  &amp#27;[32mWhen &amp#27;[0m&amp#27;[32mUser clicked Cart icon&amp#27;[0m                      &amp#27;[90m# starter.StepDefinitions.RemoveStepDevinition.userClickedCartIcon()&amp#27;[0m
  &amp#27;[32mAnd &amp#27;[0m&amp#27;[32mDirected to Cart Page&amp#27;[0m                        &amp#27;[90m# starter.StepDefinitions.RemoveStepDevinition.directedToCartPage()&amp#27;[0m
  &amp#27;[32mAnd &amp#27;[0m&amp#27;[32mUser click on continue shopping button&amp#27;[0m       &amp#27;[90m# starter.StepDefinitions.ContinueStepDefinition.userClickOnContinueShoppingButton()&amp#27;[0m
  &amp#27;[32mThen &amp#27;[0m&amp#27;[32mI redirected to inventory page&amp#27;[0m              &amp#27;[90m# starter.StepDefinitions.LoginStepDefinition.IRedirectedToInventoryPage()&amp#27;[0m
20:24:26.284 [main] INFO   - 
  _____   ___   ___   _____     ___     _     ___   ___   ___   ___  
 |_   _| | __| / __| |_   _|   | _ \   /_\   / __| / __| | __| |   \ 
   | |   | _|  \__ \   | |     |  _/  / _ \  \__ \ \__ \ | _|  | |) |
   |_|   |___| |___/   |_|     |_|   /_/ \_\ |___/ |___/ |___| |___/ 

User want to back to Products Page
----------------------------------------------------------------------
]]></system-out>
    <system-err><![CDATA[Starting ChromeDriver 105.0.5195.52 (412c95e518836d8a7d97250d62b29c2ae6a26a85-refs/branch-heads/5195@{#853}) on port 57709
Only local connections are allowed.
Please see https://chromedriver.chromium.org/security-considerations for suggestions on keeping ChromeDriver safe.
ChromeDriver was started successfully.
Sep 23, 2022 8:24:09 PM org.openqa.selenium.remote.ProtocolHandshake createSession
INFO: Detected upstream dialect: W3C
Sep 23, 2022 8:24:09 PM org.openqa.selenium.devtools.CdpVersionFinder findNearestMatch
WARNING: Unable to find an exact match for CDP version 105, so returning the closest version found: 104
Sep 23, 2022 8:24:09 PM org.openqa.selenium.devtools.CdpVersionFinder findNearestMatch
INFO: Found CDP implementation for version 105 of 104
]]></system-err>
  </testcase>
  <testcase name="Successfully logged in" classname="login" time="6.237">
    <system-out><![CDATA[20:24:26.690 [main] INFO  i.c.core.plugin.SerenityReporter - Running feature from file:///home/shabir/Documents/Intellije/serenity-cucumber-starter/src/test/resources/features/login.feature
20:24:26.765 [main] INFO   - Test Suite Started: Login

Scenario: Successfully logged in        &amp#27;[90m# src/test/resources/features/login.feature:2&amp#27;[0m
20:24:26.975 [main] INFO  i.c.core.plugin.SerenityReporter - Running feature from file:///home/shabir/Documents/Intellije/serenity-cucumber-starter/src/test/resources/features/login.feature
20:24:26.985 [main] INFO   - 
  _____   ___   ___   _____     ___   _____     _     ___   _____   ___   ___  
 |_   _| | __| / __| |_   _|   / __| |_   _|   /_\   | _ \ |_   _| | __| |   \ 
   | |   | _|  \__ \   | |     \__ \   | |    / _ \  |   /   | |   | _|  | |) |
   |_|   |___| |___/   |_|     |___/   |_|   /_/ \_\ |_|_\   |_|   |___| |___/ 

Successfully logged in(login;successfully-logged-in)
--------------------------------------------------------------------------------
20:24:27.204 [main] INFO  n.s.c.w.d.ChromeDriverProvider - Starting Chrome driver instance with capabilities:
20:24:27.206 [main] INFO  n.s.c.w.d.ChromeDriverProvider - Capabilities {acceptInsecureCerts: false, browserName: chrome, goog:chromeOptions: {args: [--start-maximized, --test-type, --no-sandbox, --ignore-certificate-errors, \n                   --disa..., --disable-default-apps, --disable-extensions-file-a..., \n                   --inco..., --disable-infobars,--disabl...], extensions: []}}
  &amp#27;[32mGiven &amp#27;[0m&amp#27;[32mI am already on log in page&amp#27;[0m     &amp#27;[90m# starter.StepDefinitions.LoginStepDefinition.iamAlreadyOnLoginPage()&amp#27;[0m
  &amp#27;[32mWhen &amp#27;[0m&amp#27;[32mI input username &amp#27;[0m&amp#27;[32m&amp#27;[1m"standard_user"&amp#27;[0m &amp#27;[90m# starter.StepDefinitions.LoginStepDefinition.iInputUsername(java.lang.String)&amp#27;[0m
  &amp#27;[32mAnd &amp#27;[0m&amp#27;[32mI input password &amp#27;[0m&amp#27;[32m&amp#27;[1m"secret_sauce"&amp#27;[0m   &amp#27;[90m# starter.StepDefinitions.LoginStepDefinition.iInputPassword(java.lang.String)&amp#27;[0m
  &amp#27;[32mAnd &amp#27;[0m&amp#27;[32mI click login button&amp#27;[0m              &amp#27;[90m# starter.StepDefinitions.LoginStepDefinition.IClickLoginButton()&amp#27;[0m
  &amp#27;[32mThen &amp#27;[0m&amp#27;[32mI redirected to inventory page&amp#27;[0m   &amp#27;[90m# starter.StepDefinitions.LoginStepDefinition.IRedirectedToInventoryPage()&amp#27;[0m
20:24:32.711 [main] INFO   - 
  _____   ___   ___   _____     ___     _     ___   ___   ___   ___  
 |_   _| | __| / __| |_   _|   | _ \   /_\   / __| / __| | __| |   \ 
   | |   | _|  \__ \   | |     |  _/  / _ \  \__ \ \__ \ | _|  | |) |
   |_|   |___| |___/   |_|     |_|   /_/ \_\ |___/ |___/ |___| |___/ 

Successfully logged in
----------------------------------------------------------------------
]]></system-out>
    <system-err><![CDATA[Starting ChromeDriver 105.0.5195.52 (412c95e518836d8a7d97250d62b29c2ae6a26a85-refs/branch-heads/5195@{#853}) on port 59803
Only local connections are allowed.
Please see https://chromedriver.chromium.org/security-considerations for suggestions on keeping ChromeDriver safe.
ChromeDriver was started successfully.
Sep 23, 2022 8:24:28 PM org.openqa.selenium.remote.ProtocolHandshake createSession
INFO: Detected upstream dialect: W3C
Sep 23, 2022 8:24:28 PM org.openqa.selenium.devtools.CdpVersionFinder findNearestMatch
WARNING: Unable to find an exact match for CDP version 105, so returning the closest version found: 104
Sep 23, 2022 8:24:28 PM org.openqa.selenium.devtools.CdpVersionFinder findNearestMatch
INFO: Found CDP implementation for version 105 of 104
]]></system-err>
  </testcase>
  <testcase name="Remove items from Cart" classname="remove" time="7.17">
    <system-out><![CDATA[20:24:33.023 [main] INFO  i.c.core.plugin.SerenityReporter - Running feature from file:///home/shabir/Documents/Intellije/serenity-cucumber-starter/src/test/resources/features/remove.feature
20:24:33.059 [main] INFO   - Test Suite Started: Remove

Scenario: Remove items from Cart                      &amp#27;[90m# src/test/resources/features/remove.feature:2&amp#27;[0m
20:24:33.193 [main] INFO  i.c.core.plugin.SerenityReporter - Running feature from file:///home/shabir/Documents/Intellije/serenity-cucumber-starter/src/test/resources/features/remove.feature
20:24:33.214 [main] INFO   - 
  _____   ___   ___   _____     ___   _____     _     ___   _____   ___   ___  
 |_   _| | __| / __| |_   _|   / __| |_   _|   /_\   | _ \ |_   _| | __| |   \ 
   | |   | _|  \__ \   | |     \__ \   | |    / _ \  |   /   | |   | _|  | |) |
   |_|   |___| |___/   |_|     |___/   |_|   /_/ \_\ |_|_\   |_|   |___| |___/ 

Remove items from Cart(remove;remove-items-from-cart)
--------------------------------------------------------------------------------
20:24:33.450 [main] INFO  n.s.c.w.d.ChromeDriverProvider - Starting Chrome driver instance with capabilities:
20:24:33.452 [main] INFO  n.s.c.w.d.ChromeDriverProvider - Capabilities {acceptInsecureCerts: false, browserName: chrome, goog:chromeOptions: {args: [--start-maximized, --test-type, --no-sandbox, --ignore-certificate-errors, \n                   --disa..., --disable-default-apps, --disable-extensions-file-a..., \n                   --inco..., --disable-infobars,--disabl...], extensions: []}}
  &amp#27;[32mGiven &amp#27;[0m&amp#27;[32mUser already login&amp#27;[0m                            &amp#27;[90m# starter.StepDefinitions.LoginStepDefinition.UserAlreadyLogin()&amp#27;[0m
  &amp#27;[32mAnd &amp#27;[0m&amp#27;[32mUser Already have two items in chart&amp#27;[0m            &amp#27;[90m# starter.StepDefinitions.RemoveStepDevinition.userAlreadyHaveTwoItemsInChart()&amp#27;[0m
  &amp#27;[32mWhen &amp#27;[0m&amp#27;[32mUser clicked Cart icon&amp#27;[0m                         &amp#27;[90m# starter.StepDefinitions.RemoveStepDevinition.userClickedCartIcon()&amp#27;[0m
  &amp#27;[32mAnd &amp#27;[0m&amp#27;[32mDirected to Cart Page&amp#27;[0m                           &amp#27;[90m# starter.StepDefinitions.RemoveStepDevinition.directedToCartPage()&amp#27;[0m
  &amp#27;[32mAnd &amp#27;[0m&amp#27;[32mUser clicked Remove Button for one of the items&amp#27;[0m &amp#27;[90m# starter.StepDefinitions.RemoveStepDevinition.userClickedRemoveButtonForOneOfTheItems()&amp#27;[0m
  &amp#27;[32mThen &amp#27;[0m&amp#27;[32mItem should be removed from cart&amp#27;[0m               &amp#27;[90m# starter.StepDefinitions.RemoveStepDevinition.itemShouldBeRemovedFromCart()&amp#27;[0m
20:24:40.082 [main] INFO   - 
  _____   ___   ___   _____     ___     _     ___   ___   ___   ___  
 |_   _| | __| / __| |_   _|   | _ \   /_\   / __| / __| | __| |   \ 
   | |   | _|  \__ \   | |     |  _/  / _ \  \__ \ \__ \ | _|  | |) |
   |_|   |___| |___/   |_|     |_|   /_/ \_\ |___/ |___/ |___| |___/ 

Remove items from Cart
----------------------------------------------------------------------
]]></system-out>
    <system-err><![CDATA[Starting ChromeDriver 105.0.5195.52 (412c95e518836d8a7d97250d62b29c2ae6a26a85-refs/branch-heads/5195@{#853}) on port 37211
Only local connections are allowed.
Please see https://chromedriver.chromium.org/security-considerations for suggestions on keeping ChromeDriver safe.
ChromeDriver was started successfully.
Sep 23, 2022 8:24:35 PM org.openqa.selenium.remote.ProtocolHandshake createSession
INFO: Detected upstream dialect: W3C
Sep 23, 2022 8:24:35 PM org.openqa.selenium.devtools.CdpVersionFinder findNearestMatch
WARNING: Unable to find an exact match for CDP version 105, so returning the closest version found: 104
Sep 23, 2022 8:24:35 PM org.openqa.selenium.devtools.CdpVersionFinder findNearestMatch
INFO: Found CDP implementation for version 105 of 104
]]></system-err>
  </testcase>
  <testcase name="Sorting product name Z to A" classname="search" time="6.807">
    <system-out><![CDATA[20:24:40.244 [main] INFO  i.c.core.plugin.SerenityReporter - Running feature from file:///home/shabir/Documents/Intellije/serenity-cucumber-starter/src/test/resources/features/search.feature
20:24:40.263 [main] INFO   - Test Suite Started: Search

Scenario: Sorting product name Z to A          &amp#27;[90m# src/test/resources/features/search.feature:2&amp#27;[0m
20:24:40.312 [main] INFO  i.c.core.plugin.SerenityReporter - Running feature from file:///home/shabir/Documents/Intellije/serenity-cucumber-starter/src/test/resources/features/search.feature
20:24:40.317 [main] INFO   - 
  _____   ___   ___   _____     ___   _____     _     ___   _____   ___   ___  
 |_   _| | __| / __| |_   _|   / __| |_   _|   /_\   | _ \ |_   _| | __| |   \ 
   | |   | _|  \__ \   | |     \__ \   | |    / _ \  |   /   | |   | _|  | |) |
   |_|   |___| |___/   |_|     |___/   |_|   /_/ \_\ |_|_\   |_|   |___| |___/ 

Sorting product name Z to A(search;sorting-product-name-z-to-a)
--------------------------------------------------------------------------------
20:24:40.549 [main] INFO  n.s.c.w.d.ChromeDriverProvider - Starting Chrome driver instance with capabilities:
20:24:40.551 [main] INFO  n.s.c.w.d.ChromeDriverProvider - Capabilities {acceptInsecureCerts: false, browserName: chrome, goog:chromeOptions: {args: [--start-maximized, --test-type, --no-sandbox, --ignore-certificate-errors, \n                   --disa..., --disable-default-apps, --disable-extensions-file-a..., \n                   --inco..., --disable-infobars,--disabl...], extensions: []}}
  &amp#27;[32mGiven &amp#27;[0m&amp#27;[32mUser already login&amp#27;[0m                     &amp#27;[90m# starter.StepDefinitions.LoginStepDefinition.UserAlreadyLogin()&amp#27;[0m
  &amp#27;[32mAnd &amp#27;[0m&amp#27;[32mUser already add a product to cart&amp#27;[0m       &amp#27;[90m# starter.StepDefinitions.SearchDefinition.UserAlreadyAddAProductToCart()&amp#27;[0m
  &amp#27;[32mWhen &amp#27;[0m&amp#27;[32mUser click sorting field&amp#27;[0m                &amp#27;[90m# starter.StepDefinitions.SearchDefinition.UserClickSortingField()&amp#27;[0m
  &amp#27;[32mAnd &amp#27;[0m&amp#27;[32mUser click Name Z to A&amp#27;[0m                   &amp#27;[90m# starter.StepDefinitions.SearchDefinition.UserClickNameZToA()&amp#27;[0m
  &amp#27;[32mThen &amp#27;[0m&amp#27;[32mProduct should be sorted by name Z to A&amp#27;[0m &amp#27;[90m# starter.StepDefinitions.SearchDefinition.ProductShouldBeSortedByNameZToA()&amp#27;[0m
20:24:46.923 [main] INFO   - 
  _____   ___   ___   _____     ___     _     ___   ___   ___   ___  
 |_   _| | __| / __| |_   _|   | _ \   /_\   / __| / __| | __| |   \ 
   | |   | _|  \__ \   | |     |  _/  / _ \  \__ \ \__ \ | _|  | |) |
   |_|   |___| |___/   |_|     |_|   /_/ \_\ |___/ |___/ |___| |___/ 

Sorting product name Z to A
----------------------------------------------------------------------
]]></system-out>
    <system-err><![CDATA[Starting ChromeDriver 105.0.5195.52 (412c95e518836d8a7d97250d62b29c2ae6a26a85-refs/branch-heads/5195@{#853}) on port 60662
Only local connections are allowed.
Please see https://chromedriver.chromium.org/security-considerations for suggestions on keeping ChromeDriver safe.
ChromeDriver was started successfully.
Sep 23, 2022 8:24:42 PM org.openqa.selenium.remote.ProtocolHandshake createSession
INFO: Detected upstream dialect: W3C
Sep 23, 2022 8:24:42 PM org.openqa.selenium.devtools.CdpVersionFinder findNearestMatch
WARNING: Unable to find an exact match for CDP version 105, so returning the closest version found: 104
Sep 23, 2022 8:24:42 PM org.openqa.selenium.devtools.CdpVersionFinder findNearestMatch
INFO: Found CDP implementation for version 105 of 104
]]></system-err>
  </testcase>
</testsuite>